This file contains any messages produced by compilers while
running configure, to aid debugging if configure makes a mistake.

It was created by RtMidi configure 1.0, which was
generated by GNU Autoconf 2.63.  Invocation command line was

  $ ./configure 

## --------- ##
## Platform. ##
## --------- ##

hostname = blinka.local
uname -m = i386
uname -r = 10.8.0
uname -s = Darwin
uname -v = Darwin Kernel Version 10.8.0: Tue Jun  7 16:33:36 PDT 2011; root:xnu-1504.15.3~1/RELEASE_I386

/usr/bin/uname -p = i386
/bin/uname -X     = unknown

/bin/arch              = unknown
/usr/bin/arch -k       = unknown
/usr/convex/getsysinfo = unknown
/usr/bin/hostinfo      = Mach kernel version:
	 Darwin Kernel Version 10.8.0: Tue Jun  7 16:33:36 PDT 2011; root:xnu-1504.15.3~1/RELEASE_I386
Kernel configured for up to 4 processors.
2 processors are physically available.
4 processors are logically available.
Processor type: i486 (Intel 80486)
Processors active: 0 1 2 3
Primary memory available: 4.00 gigabytes
Default processor set: 91 tasks, 531 threads, 4 processors
Load average: 0.33, Mach factor: 3.65
/bin/machine           = unknown
/usr/bin/oslevel       = unknown
/bin/universe          = unknown

PATH: /opt/local/bin
PATH: /opt/local/sbin
PATH: /usr/bin
PATH: /bin
PATH: /usr/sbin
PATH: /sbin
PATH: /usr/local/bin
PATH: /usr/X11/bin


## ----------- ##
## Core tests. ##
## ----------- ##

configure:1913: checking for g++
configure:1929: found /usr/bin/g++
configure:1940: result: g++
configure:1967: checking for C++ compiler version
configure:1975: g++ --version >&5
i686-apple-darwin10-g++-4.2.1 (GCC) 4.2.1 (Apple Inc. build 5666) (dot 3)
Copyright (C) 2007 Free Software Foundation, Inc.
This is free software; see the source for copying conditions.  There is NO
warranty; not even for MERCHANTABILITY or FITNESS FOR A PARTICULAR PURPOSE.

configure:1979: $? = 0
configure:1986: g++ -v >&5
Using built-in specs.
Target: i686-apple-darwin10
Configured with: /var/tmp/gcc/gcc-5666.3~123/src/configure --disable-checking --enable-werror --prefix=/usr --mandir=/share/man --enable-languages=c,objc,c++,obj-c++ --program-transform-name=/^[cg][^.-]*$/s/$/-4.2/ --with-slibdir=/usr/lib --build=i686-apple-darwin10 --program-prefix=i686-apple-darwin10- --host=x86_64-apple-darwin10 --target=i686-apple-darwin10 --with-gxx-include-dir=/include/c++/4.2.1
Thread model: posix
gcc version 4.2.1 (Apple Inc. build 5666) (dot 3)
configure:1990: $? = 0
configure:1997: g++ -V >&5
g++-4.2: argument to `-V' is missing
configure:2001: $? = 1
configure:2024: checking for C++ compiler default output file name
configure:2046: g++    conftest.cpp  >&5
configure:2050: $? = 0
configure:2088: result: a.out
configure:2107: checking whether the C++ compiler works
configure:2117: ./a.out
configure:2121: $? = 0
configure:2140: result: yes
configure:2147: checking whether we are cross compiling
configure:2149: result: no
configure:2152: checking for suffix of executables
configure:2159: g++ -o conftest    conftest.cpp  >&5
configure:2163: $? = 0
configure:2189: result: 
configure:2195: checking for suffix of object files
configure:2221: g++ -c   conftest.cpp >&5
configure:2225: $? = 0
configure:2250: result: o
configure:2254: checking whether we are using the GNU C++ compiler
configure:2283: g++ -c   conftest.cpp >&5
configure:2290: $? = 0
configure:2307: result: yes
configure:2316: checking whether g++ accepts -g
configure:2346: g++ -c -g  conftest.cpp >&5
configure:2353: $? = 0
configure:2454: result: yes
configure:2527: checking for gcc
configure:2543: found /usr/bin/gcc
configure:2554: result: gcc
configure:2786: checking for C compiler version
configure:2794: gcc --version >&5
i686-apple-darwin10-gcc-4.2.1 (GCC) 4.2.1 (Apple Inc. build 5666) (dot 3)
Copyright (C) 2007 Free Software Foundation, Inc.
This is free software; see the source for copying conditions.  There is NO
warranty; not even for MERCHANTABILITY or FITNESS FOR A PARTICULAR PURPOSE.

configure:2798: $? = 0
configure:2805: gcc -v >&5
Using built-in specs.
Target: i686-apple-darwin10
Configured with: /var/tmp/gcc/gcc-5666.3~123/src/configure --disable-checking --enable-werror --prefix=/usr --mandir=/share/man --enable-languages=c,objc,c++,obj-c++ --program-transform-name=/^[cg][^.-]*$/s/$/-4.2/ --with-slibdir=/usr/lib --build=i686-apple-darwin10 --program-prefix=i686-apple-darwin10- --host=x86_64-apple-darwin10 --target=i686-apple-darwin10 --with-gxx-include-dir=/include/c++/4.2.1
Thread model: posix
gcc version 4.2.1 (Apple Inc. build 5666) (dot 3)
configure:2809: $? = 0
configure:2816: gcc -V >&5
gcc-4.2: argument to `-V' is missing
configure:2820: $? = 1
configure:2823: checking whether we are using the GNU C compiler
configure:2852: gcc -c   conftest.c >&5
configure:2859: $? = 0
configure:2876: result: yes
configure:2885: checking whether gcc accepts -g
configure:2915: gcc -c -g  conftest.c >&5
configure:2922: $? = 0
configure:3023: result: yes
configure:3040: checking for gcc option to accept ISO C89
configure:3114: gcc  -c -g -O2  conftest.c >&5
configure:3121: $? = 0
configure:3144: result: none needed
configure:3168: checking how to run the C preprocessor
configure:3208: gcc -E  conftest.c
configure:3215: $? = 0
configure:3246: gcc -E  conftest.c
conftest.c:8:28: error: ac_nonexistent.h: No such file or directory
configure:3253: $? = 1
configure: failed program was:
| /* confdefs.h.  */
| #define PACKAGE_NAME "RtMidi"
| #define PACKAGE_TARNAME "rtmidi"
| #define PACKAGE_VERSION "1.0"
| #define PACKAGE_STRING "RtMidi 1.0"
| #define PACKAGE_BUGREPORT "gary@music.mcgill.ca"
| /* end confdefs.h.  */
| #include <ac_nonexistent.h>
configure:3286: result: gcc -E
configure:3315: gcc -E  conftest.c
configure:3322: $? = 0
configure:3353: gcc -E  conftest.c
conftest.c:8:28: error: ac_nonexistent.h: No such file or directory
configure:3360: $? = 1
configure: failed program was:
| /* confdefs.h.  */
| #define PACKAGE_NAME "RtMidi"
| #define PACKAGE_TARNAME "rtmidi"
| #define PACKAGE_VERSION "1.0"
| #define PACKAGE_STRING "RtMidi 1.0"
| #define PACKAGE_BUGREPORT "gary@music.mcgill.ca"
| /* end confdefs.h.  */
| #include <ac_nonexistent.h>
configure:3400: checking for grep that handles long lines and -e
configure:3460: result: /usr/bin/grep
configure:3465: checking for egrep
configure:3529: result: /usr/bin/grep -E
configure:3534: checking for ANSI C header files
configure:3564: gcc -c -g -O2  conftest.c >&5
configure:3571: $? = 0
configure:3670: gcc -o conftest -g -O2   conftest.c  >&5
configure:3674: $? = 0
configure:3680: ./conftest
configure:3684: $? = 0
configure:3702: result: yes
configure:3715: checking whether to compile debug version
configure:3728: result: no
configure:3755: checking build system type
configure:3773: result: i386-apple-darwin10.8.0
configure:3795: checking host system type
configure:3810: result: i386-apple-darwin10.8.0
configure:3832: checking for MIDI API
configure:4276: checking for sys/types.h
configure:4297: gcc -c -g -O2   conftest.c >&5
configure:4304: $? = 0
configure:4321: result: yes
configure:4276: checking for sys/stat.h
configure:4297: gcc -c -g -O2   conftest.c >&5
configure:4304: $? = 0
configure:4321: result: yes
configure:4276: checking for stdlib.h
configure:4297: gcc -c -g -O2   conftest.c >&5
configure:4304: $? = 0
configure:4321: result: yes
configure:4276: checking for string.h
configure:4297: gcc -c -g -O2   conftest.c >&5
configure:4304: $? = 0
configure:4321: result: yes
configure:4276: checking for memory.h
configure:4297: gcc -c -g -O2   conftest.c >&5
configure:4304: $? = 0
configure:4321: result: yes
configure:4276: checking for strings.h
configure:4297: gcc -c -g -O2   conftest.c >&5
configure:4304: $? = 0
configure:4321: result: yes
configure:4276: checking for inttypes.h
configure:4297: gcc -c -g -O2   conftest.c >&5
configure:4304: $? = 0
configure:4321: result: yes
configure:4276: checking for stdint.h
configure:4297: gcc -c -g -O2   conftest.c >&5
configure:4304: $? = 0
configure:4321: result: yes
configure:4276: checking for unistd.h
configure:4297: gcc -c -g -O2   conftest.c >&5
configure:4304: $? = 0
configure:4321: result: yes
configure:4345: checking CoreMIDI/CoreMIDI.h usability
configure:4362: gcc -c -g -O2   conftest.c >&5
configure:4369: $? = 0
configure:4383: result: yes
configure:4387: checking CoreMIDI/CoreMIDI.h presence
configure:4402: gcc -E   conftest.c
configure:4409: $? = 0
configure:4423: result: yes
configure:4456: checking for CoreMIDI/CoreMIDI.h
configure:4463: result: yes
configure:4639: creating ./config.status

## ---------------------- ##
## Running config.status. ##
## ---------------------- ##

This file was extended by RtMidi config.status 1.0, which was
generated by GNU Autoconf 2.63.  Invocation command line was

  CONFIG_FILES    = 
  CONFIG_HEADERS  = 
  CONFIG_LINKS    = 
  CONFIG_COMMANDS = 
  $ ./config.status 

on blinka.local

config.status:661: creating tests/Makefile

## ---------------- ##
## Cache variables. ##
## ---------------- ##

ac_cv_build=i386-apple-darwin10.8.0
ac_cv_c_compiler_gnu=yes
ac_cv_cxx_compiler_gnu=yes
ac_cv_env_CCC_set=
ac_cv_env_CCC_value=
ac_cv_env_CC_set=
ac_cv_env_CC_value=
ac_cv_env_CFLAGS_set=
ac_cv_env_CFLAGS_value=
ac_cv_env_CPPFLAGS_set=
ac_cv_env_CPPFLAGS_value=
ac_cv_env_CPP_set=
ac_cv_env_CPP_value=
ac_cv_env_CXXFLAGS_set=
ac_cv_env_CXXFLAGS_value=
ac_cv_env_CXX_set=
ac_cv_env_CXX_value=
ac_cv_env_LDFLAGS_set=
ac_cv_env_LDFLAGS_value=
ac_cv_env_LIBS_set=
ac_cv_env_LIBS_value=
ac_cv_env_build_alias_set=
ac_cv_env_build_alias_value=
ac_cv_env_host_alias_set=
ac_cv_env_host_alias_value=
ac_cv_env_target_alias_set=
ac_cv_env_target_alias_value=
ac_cv_header_CoreMIDI_CoreMIDI_h=yes
ac_cv_header_inttypes_h=yes
ac_cv_header_memory_h=yes
ac_cv_header_stdc=yes
ac_cv_header_stdint_h=yes
ac_cv_header_stdlib_h=yes
ac_cv_header_string_h=yes
ac_cv_header_strings_h=yes
ac_cv_header_sys_stat_h=yes
ac_cv_header_sys_types_h=yes
ac_cv_header_unistd_h=yes
ac_cv_host=i386-apple-darwin10.8.0
ac_cv_objext=o
ac_cv_path_EGREP='/usr/bin/grep -E'
ac_cv_path_GREP=/usr/bin/grep
ac_cv_prog_CPP='gcc -E'
ac_cv_prog_ac_ct_CC=gcc
ac_cv_prog_ac_ct_CXX=g++
ac_cv_prog_cc_c89=
ac_cv_prog_cc_g=yes
ac_cv_prog_cxx_g=yes

## ----------------- ##
## Output variables. ##
## ----------------- ##

CC='gcc'
CFLAGS='-g -O2'
CPP='gcc -E'
CPPFLAGS='  -D__MACOSX_CORE__'
CXX='g++'
CXXFLAGS='-O3 -Wall'
DEFS='-DPACKAGE_NAME=\"RtMidi\" -DPACKAGE_TARNAME=\"rtmidi\" -DPACKAGE_VERSION=\"1.0\" -DPACKAGE_STRING=\"RtMidi\ 1.0\" -DPACKAGE_BUGREPORT=\"gary@music.mcgill.ca\" -DSTDC_HEADERS=1 -DHAVE_SYS_TYPES_H=1 -DHAVE_SYS_STAT_H=1 -DHAVE_STDLIB_H=1 -DHAVE_STRING_H=1 -DHAVE_MEMORY_H=1 -DHAVE_STRINGS_H=1 -DHAVE_INTTYPES_H=1 -DHAVE_STDINT_H=1 -DHAVE_UNISTD_H=1'
ECHO_C='\c'
ECHO_N=''
ECHO_T=''
EGREP='/usr/bin/grep -E'
EXEEXT=''
GREP='/usr/bin/grep'
GXX='yes'
LDFLAGS=''
LIBOBJS=''
LIBS='-framework CoreMIDI -framework CoreFoundation -framework CoreAudio'
LTLIBOBJS=''
OBJEXT='o'
PACKAGE_BUGREPORT='gary@music.mcgill.ca'
PACKAGE_NAME='RtMidi'
PACKAGE_STRING='RtMidi 1.0'
PACKAGE_TARNAME='rtmidi'
PACKAGE_VERSION='1.0'
PATH_SEPARATOR=':'
SHELL='/bin/sh'
ac_ct_CC='gcc'
ac_ct_CXX='g++'
api='-D__MACOSX_CORE__'
bindir='${exec_prefix}/bin'
build='i386-apple-darwin10.8.0'
build_alias=''
build_cpu='i386'
build_os='darwin10.8.0'
build_vendor='apple'
cppflag=''
cxxflag='-Wall'
datadir='${datarootdir}'
datarootdir='${prefix}/share'
docdir='${datarootdir}/doc/${PACKAGE_TARNAME}'
dvidir='${docdir}'
exec_prefix='${prefix}'
host='i386-apple-darwin10.8.0'
host_alias=''
host_cpu='i386'
host_os='darwin10.8.0'
host_vendor='apple'
htmldir='${docdir}'
includedir='${prefix}/include'
infodir='${datarootdir}/info'
libdir='${exec_prefix}/lib'
libexecdir='${exec_prefix}/libexec'
localedir='${datarootdir}/locale'
localstatedir='${prefix}/var'
mandir='${datarootdir}/man'
object_path='Release'
oldincludedir='/usr/include'
pdfdir='${docdir}'
prefix='/usr/local'
program_transform_name='s,x,x,'
psdir='${docdir}'
sbindir='${exec_prefix}/sbin'
sharedstatedir='${prefix}/com'
sysconfdir='${prefix}/etc'
target_alias=''

## ----------- ##
## confdefs.h. ##
## ----------- ##

#define PACKAGE_NAME "RtMidi"
#define PACKAGE_TARNAME "rtmidi"
#define PACKAGE_VERSION "1.0"
#define PACKAGE_STRING "RtMidi 1.0"
#define PACKAGE_BUGREPORT "gary@music.mcgill.ca"
#define STDC_HEADERS 1
#define HAVE_SYS_TYPES_H 1
#define HAVE_SYS_STAT_H 1
#define HAVE_STDLIB_H 1
#define HAVE_STRING_H 1
#define HAVE_MEMORY_H 1
#define HAVE_STRINGS_H 1
#define HAVE_INTTYPES_H 1
#define HAVE_STDINT_H 1
#define HAVE_UNISTD_H 1

configure: exit 0
